# dmidecode 3.7
Getting SMBIOS data from sysfs.
SMBIOS 2.5 present.

Handle 0x0017, DMI type 16, 15 bytes
Physical Memory Array
	Location: System Board Or Motherboard
	Use: System Memory
	Error Correction Type: None
	Maximum Capacity: 8 GiB
	Error Information Handle: Not Provided
	Number Of Devices: 2

Handle 0x0019, DMI type 17, 27 bytes
Memory Device
	Array Handle: 0x0017
	Error Information Handle: Not Provided
	Total Width: 64 bits
	Data Width: 64 bits
	Size: 2 GiB
	Form Factor: SODIMM
	Set: None
	Locator: DIMM0
	Bank Locator: BANK0
	Type: DDR2
	Type Detail: Synchronous
	Speed: 800 MT/s
	Manufacturer: CE00000000000000
	Serial Number: SerNum00
	Asset Tag: AssetTagNum0
	Part Number: M4 70T5663QZ3-CF7 

Handle 0x001B, DMI type 17, 27 bytes
Memory Device
	Array Handle: 0x0017
	Error Information Handle: Not Provided
	Total Width: 64 bits
	Data Width: 64 bits
	Size: 2 GiB
	Form Factor: SODIMM
	Set: None
	Locator: DIMM1
	Bank Locator: BANK1
	Type: DDR2
	Type Detail: Synchronous
	Speed: 800 MT/s
	Manufacturer: CE00000000000000
	Serial Number: SerNum01
	Asset Tag: AssetTagNum1
	Part Number: M4 70T5663QZ3-CF7 

